<?xml version="1.0" encoding="UTF-8"?>
<testsuite name="Clipboard de The App" tests="1" skipped="0" failures="1" errors="0" timestamp="2023-04-03T19:31:26" hostname="JUANDAVIDPC" time="22.411">
  <properties/>
  <testcase name="Nuevo Seteo de Mensaje" classname="Clipboard de The App" time="22.411">
    <failure message="java.lang.AssertionError: &#13;&#10;Expected: a string containing &quot;Probando Clipboardfail&quot;&#13;&#10;     but: was &quot;Probando Clipboard&quot;" type="java.lang.AssertionError">java.lang.AssertionError: 
Expected: a string containing &quot;Probando Clipboardfail&quot;
     but: was &quot;Probando Clipboard&quot;
	at org.hamcrest.MatcherAssert.assertThat(MatcherAssert.java:20)
	at org.hamcrest.MatcherAssert.assertThat(MatcherAssert.java:6)
	at net.serenitybdd.screenplay.QuestionConsequence.evaluateFor(QuestionConsequence.java:49)
	at net.serenitybdd.screenplay.Actor.check(Actor.java:377)
	at net.serenitybdd.screenplay.Actor.should(Actor.java:349)
	at com.sofkau.stepdefinitions.ClipBoardStepDefinitions.deberiaVerElMensajeNuevoEnElClipboard(ClipBoardStepDefinitions.java:58)
	at ✽.Deberia ver el mensaje nuevo en el clipboard(file:///D:/Java/workspace/C1-2023-QA-Auto-Taller-Mobile/Mobile2/src/test/resources/features/clipboard.feature:11)
</failure>
  </testcase>
  <system-out><![CDATA[]]></system-out>
  <system-err><![CDATA[]]></system-err>
</testsuite>
