<?xml version="1.0" encoding="UTF-8"?>
<testsuite name="Portapapeles en The APP" tests="4" skipped="0" failures="0" errors="0" timestamp="2023-04-03T16:45:02" hostname="JOSENUÑEZ" time="110.967">
  <properties/>
  <testcase name="Guardar en el portapapeles #1" classname="Portapapeles en The APP" time="35.657"/>
  <testcase name="Guardar en el portapapeles #2" classname="Portapapeles en The APP" time="26.888"/>
  <testcase name="Guardar en el portapapeles #3" classname="Portapapeles en The APP" time="24.324"/>
  <testcase name="Guardar en el portapapeles #4" classname="Portapapeles en The APP" time="24.098"/>
  <system-out><![CDATA[2023-04-03 11:45:19 INFO  ClipBoardStepDefinition:34 Inicio de la automatizacion
2023-04-03 11:45:32 INFO  ClipBoardStepDefinition:48 Texto guardado en portapapeles
2023-04-03 11:45:36 INFO  ClipBoardStepDefinition:62 Mensaje guardado, asercion exitosa
2023-04-03 11:45:50 INFO  ClipBoardStepDefinition:34 Inicio de la automatizacion
2023-04-03 11:46:01 INFO  ClipBoardStepDefinition:48 Texto guardado en portapapeles
2023-04-03 11:46:03 INFO  ClipBoardStepDefinition:62 Mensaje guardado, asercion exitosa
2023-04-03 11:46:17 INFO  ClipBoardStepDefinition:34 Inicio de la automatizacion
2023-04-03 11:46:26 INFO  ClipBoardStepDefinition:48 Texto guardado en portapapeles
2023-04-03 11:46:28 INFO  ClipBoardStepDefinition:62 Mensaje guardado, asercion exitosa
2023-04-03 11:46:41 INFO  ClipBoardStepDefinition:34 Inicio de la automatizacion
2023-04-03 11:46:50 INFO  ClipBoardStepDefinition:48 Texto guardado en portapapeles
2023-04-03 11:46:52 INFO  ClipBoardStepDefinition:62 Mensaje guardado, asercion exitosa
]]></system-out>
  <system-err><![CDATA[]]></system-err>
</testsuite>
