<?xml version="1.0" encoding="UTF-8"?>
<testsuite name="Calcular division" tests="4" skipped="0" failures="0" errors="0" timestamp="2023-03-31T22:09:24" hostname="JOSENUÑEZ" time="221.53">
  <properties/>
  <testcase name="Calculo Division #1" classname="Calcular division" time="59.198"/>
  <testcase name="Calculo Division #2" classname="Calcular division" time="45.788"/>
  <testcase name="Calculo Division #3" classname="Calcular division" time="59.574"/>
  <testcase name="Calculo Division #4" classname="Calcular division" time="56.97"/>
  <system-out><![CDATA[2023-03-31 17:10:00 INFO  CalcularDivisionStepDefinition:31 Inicio de la automatizacion
2023-03-31 17:10:15 INFO  CalcularDivisionStepDefinition:45 Realizando division
2023-03-31 17:10:19 INFO  CalcularDivisionStepDefinition:57 Division realizada
2023-03-31 17:10:46 INFO  CalcularDivisionStepDefinition:31 Inicio de la automatizacion
2023-03-31 17:10:58 INFO  CalcularDivisionStepDefinition:45 Realizando division
2023-03-31 17:11:03 INFO  CalcularDivisionStepDefinition:57 Division realizada
2023-03-31 17:11:38 INFO  CalcularDivisionStepDefinition:31 Inicio de la automatizacion
2023-03-31 17:11:57 INFO  CalcularDivisionStepDefinition:45 Realizando division
2023-03-31 17:12:04 INFO  CalcularDivisionStepDefinition:57 Division realizada
2023-03-31 17:12:38 INFO  CalcularDivisionStepDefinition:31 Inicio de la automatizacion
2023-03-31 17:12:55 INFO  CalcularDivisionStepDefinition:45 Realizando division
2023-03-31 17:12:59 INFO  CalcularDivisionStepDefinition:57 Division realizada
]]></system-out>
  <system-err><![CDATA[]]></system-err>
</testsuite>
