<?xml version="1.0" encoding="UTF-8"?>
<testsuite name="Login en The APP" tests="4" skipped="0" failures="0" errors="0" timestamp="2023-04-03T14:31:49" hostname="JOSENUÑEZ" time="78.157">
  <properties/>
  <testcase name="Login exitoso en la aplicacion" classname="Login en The APP" time="27.855"/>
  <testcase name="Login fallido en la aplicacion #1" classname="Login en The APP" time="16.331"/>
  <testcase name="Login fallido en la aplicacion #2" classname="Login en The APP" time="16.691"/>
  <testcase name="Login fallido en la aplicacion #3" classname="Login en The APP" time="17.28"/>
  <system-out><![CDATA[2023-04-03 09:32:12 INFO  LoginExitosoStepDefinition:27 Inicio de la automatizacion
2023-04-03 09:32:30 INFO  LoginFallidoStepDefinition:25 Inicio de la automatizacion
2023-04-03 09:32:46 INFO  LoginFallidoStepDefinition:25 Inicio de la automatizacion
2023-04-03 09:33:03 INFO  LoginFallidoStepDefinition:25 Inicio de la automatizacion
]]></system-out>
  <system-err><![CDATA[]]></system-err>
</testsuite>
