<?xml version="1.0" encoding="UTF-8" standalone="no"?><testsuite errors="0" failures="1" name="Lista de nubes" skipped="0" tests="1" time="31.96" timestamp="2023-04-03 03:57:43"><testcase name="obtener una nube de la lista"><failure message="Expected condition failed: waiting for By.xpath: //android.view.ViewGroup[@content-desc=&quot;List Demo&quot;]/android.view.ViewGroup/android.view.ViewGroup/android.view.ViewGroup/android.widget.TextView to be present (tried for 5 second(s) with 100 milliseconds interval)&#10;Build info: version: '4.1.3', revision: '7b1ebf28ef'&#10;System info: host: 'ANTONIO', ip: '192.168.1.104', os.name: 'Windows 11', os.arch: 'amd64', os.version: '10.0', java.version: '11.0.15'&#10;Driver info: driver.version: unknown" type="net.thucydides.core.webdriver.exceptions.ElementShouldBePresentException">Expected condition failed: waiting for By.xpath: //android.view.ViewGroup[@content-desc="List Demo"]/android.view.ViewGroup/android.view.ViewGroup/android.view.ViewGroup/android.widget.TextView to be present (tried for 5 second(s) with 100 milliseconds interval)
Build info: version: '4.1.3', revision: '7b1ebf28ef'
System info: host: 'ANTONIO', ip: '192.168.1.104', os.name: 'Windows 11', os.arch: 'amd64', os.version: '10.0', java.version: '11.0.15'
Driver info: driver.version: unknown</failure><system-err>Expected condition failed: waiting for By.xpath: //android.view.ViewGroup[@content-desc="List Demo"]/android.view.ViewGroup/android.view.ViewGroup/android.view.ViewGroup/android.widget.TextView to be present (tried for 5 second(s) with 100 milliseconds interval)
Build info: version: '4.1.3', revision: '7b1ebf28ef'
System info: host: 'ANTONIO', ip: '192.168.1.104', os.name: 'Windows 11', os.arch: 'amd64', os.version: '10.0', java.version: '11.0.15'
Driver info: driver.version: unknown&#13;
com.sofkau.task.ListaDemTask.performAs(ListaDemTask.java:16)&#13;
com.test.stepdefinition.ListDemoTheAppStepDefinition.elUsuarioUsuarioEligeLaNubeDeSuInteres(ListDemoTheAppStepDefinition.java:35)&#13;
io.cucumber.java.Invoker.doInvoke(Invoker.java:66)&#13;
io.cucumber.java.Invoker.invoke(Invoker.java:24)&#13;
io.cucumber.java.AbstractGlueDefinition.invokeMethod(AbstractGlueDefinition.java:47)&#13;
io.cucumber.java.JavaStepDefinition.execute(JavaStepDefinition.java:29)&#13;
io.cucumber.core.runner.CoreStepDefinition.execute(CoreStepDefinition.java:66)&#13;
io.cucumber.core.runner.PickleStepDefinitionMatch.runStep(PickleStepDefinitionMatch.java:63)&#13;
io.cucumber.core.runner.TestStep.executeStep(TestStep.java:86)&#13;
io.cucumber.core.runner.TestStep.run(TestStep.java:57)&#13;
io.cucumber.core.runner.PickleStepTestStep.run(PickleStepTestStep.java:51)&#13;
io.cucumber.core.runner.TestCase.run(TestCase.java:95)&#13;
io.cucumber.core.runner.Runner.runPickle(Runner.java:75)&#13;
io.cucumber.core.runtime.CucumberExecutionContext.lambda$runTestCase$3(CucumberExecutionContext.java:151)&#13;
io.cucumber.core.runtime.RethrowingThrowableCollector.executeAndThrow(RethrowingThrowableCollector.java:23)&#13;
io.cucumber.core.runtime.CucumberExecutionContext.runTestCase(CucumberExecutionContext.java:151)&#13;
io.cucumber.junit.FeatureRunner.runChild(FeatureRunner.java:144)&#13;
io.cucumber.junit.FeatureRunner.runChild(FeatureRunner.java:28)&#13;
io.cucumber.junit.FeatureRunner.run(FeatureRunner.java:137)&#13;
io.cucumber.junit.CucumberSerenityRunner.runChild(CucumberSerenityRunner.java:258)&#13;
io.cucumber.junit.CucumberSerenityRunner.runChild(CucumberSerenityRunner.java:58)&#13;
worker.org.gradle.process.internal.worker.GradleWorkerMain.run(GradleWorkerMain.java:69)&#13;
worker.org.gradle.process.internal.worker.GradleWorkerMain.main(GradleWorkerMain.java:74)&#13;
</system-err></testcase></testsuite>